{"numTotalTestSuites":55,"numPassedTestSuites":55,"numFailedTestSuites":0,"numPendingTestSuites":0,"numTotalTests":122,"numPassedTests":117,"numFailedTests":0,"numPendingTests":0,"numTodoTests":5,"snapshot":{"added":0,"failure":false,"filesAdded":0,"filesRemoved":0,"filesRemovedList":[],"filesUnmatched":0,"filesUpdated":0,"matched":0,"total":0,"unchecked":0,"uncheckedKeysByFile":[],"unmatched":0,"updated":0,"didUpdate":false},"startTime":1769040551531,"success":true,"testResults":[{"assertionResults":[{"ancestorTitles":["MarketTicker"],"fullName":"MarketTicker renders without crashing","status":"passed","title":"renders without crashing","duration":54.69640000000004,"failureMessages":[],"meta":{}},{"ancestorTitles":["MarketTicker"],"fullName":"MarketTicker displays connection status indicator","status":"passed","title":"displays connection status indicator","duration":18.02469999999994,"failureMessages":[],"meta":{}},{"ancestorTitles":["MarketTicker"],"fullName":"MarketTicker displays crypto symbols","status":"passed","title":"displays crypto symbols","duration":14.962499999999864,"failureMessages":[],"meta":{}},{"ancestorTitles":["MarketTicker"],"fullName":"MarketTicker formats prices correctly for USD","status":"passed","title":"formats prices correctly for USD","duration":14.674099999999953,"failureMessages":[],"meta":{}},{"ancestorTitles":["MarketTicker"],"fullName":"MarketTicker renders ILS currency correctly","status":"passed","title":"renders ILS currency correctly","duration":18.76039999999989,"failureMessages":[],"meta":{}}],"startTime":1769040553069,"endTime":1769040553189.7605,"status":"passed","message":"","name":"C:/Users/olegh/Desktop/finpulse/strange-proskuriakova/finpulse-app/src/components/MarketTicker.test.tsx"},{"assertionResults":[{"ancestorTitles":["NotificationBell"],"fullName":"NotificationBell renders bell icon","status":"passed","title":"renders bell icon","duration":49.72000000000003,"failureMessages":[],"meta":{}},{"ancestorTitles":["NotificationBell"],"fullName":"NotificationBell shows unread badge when there are unread notifications","status":"passed","title":"shows unread badge when there are unread notifications","duration":4.32100000000014,"failureMessages":[],"meta":{}},{"ancestorTitles":["NotificationBell"],"fullName":"NotificationBell opens notification panel on click","status":"passed","title":"opens notification panel on click","duration":62.75780000000009,"failureMessages":[],"meta":{}},{"ancestorTitles":["NotificationBell"],"fullName":"NotificationBell closes panel when clicking close button","status":"passed","title":"closes panel when clicking close button","duration":124.26909999999998,"failureMessages":[],"meta":{}},{"ancestorTitles":["NotificationBell"],"fullName":"NotificationBell filters notifications based on user plan","status":"passed","title":"filters notifications based on user plan","duration":67.6746999999998,"failureMessages":[],"meta":{}},{"ancestorTitles":["NotificationBell"],"fullName":"NotificationBell hides targeted notifications for non-matching plans","status":"passed","title":"hides targeted notifications for non-matching plans","duration":45.39910000000009,"failureMessages":[],"meta":{}}],"startTime":1769040553088,"endTime":1769040553442.3992,"status":"passed","message":"","name":"C:/Users/olegh/Desktop/finpulse/strange-proskuriakova/finpulse-app/src/components/NotificationBell.test.tsx"},{"assertionResults":[{"ancestorTitles":["Watchlist"],"fullName":"Watchlist renders watchlist title","status":"passed","title":"renders watchlist title","duration":47.1554000000001,"failureMessages":[],"meta":{}},{"ancestorTitles":["Watchlist"],"fullName":"Watchlist displays watchlist items","status":"passed","title":"displays watchlist items","duration":11.510699999999815,"failureMessages":[],"meta":{}},{"ancestorTitles":["Watchlist"],"fullName":"Watchlist shows connection status","status":"passed","title":"shows connection status","duration":9.120400000000018,"failureMessages":[],"meta":{}},{"ancestorTitles":["Watchlist"],"fullName":"Watchlist displays prices in correct currency (USD)","status":"passed","title":"displays prices in correct currency (USD)","duration":7.667699999999968,"failureMessages":[],"meta":{}},{"ancestorTitles":["Watchlist"],"fullName":"Watchlist displays prices in correct currency (ILS)","status":"passed","title":"displays prices in correct currency (ILS)","duration":7.6521000000000186,"failureMessages":[],"meta":{}},{"ancestorTitles":["Watchlist"],"fullName":"Watchlist opens add modal when clicking add button","status":"passed","title":"opens add modal when clicking add button","duration":68.40159999999992,"failureMessages":[],"meta":{}},{"ancestorTitles":["Watchlist"],"fullName":"Watchlist filters assets based on search","status":"passed","title":"filters assets based on search","duration":173.69130000000018,"failureMessages":[],"meta":{}},{"ancestorTitles":["Watchlist"],"fullName":"Watchlist calls onAddToPortfolio when provided","status":"passed","title":"calls onAddToPortfolio when provided","duration":12.884199999999964,"failureMessages":[],"meta":{}},{"ancestorTitles":["Watchlist"],"fullName":"Watchlist shows empty state when watchlist is empty","status":"passed","title":"shows empty state when watchlist is empty","duration":2.70699999999988,"failureMessages":[],"meta":{}}],"startTime":1769040553116,"endTime":1769040553456.707,"status":"passed","message":"","name":"C:/Users/olegh/Desktop/finpulse/strange-proskuriakova/finpulse-app/src/components/Watchlist.test.tsx"},{"assertionResults":[{"ancestorTitles":["useMarketData"],"fullName":"useMarketData should fetch market data successfully","status":"passed","title":"should fetch market data successfully","duration":1.3740000000000236,"failureMessages":[],"meta":{}},{"ancestorTitles":["useMarketData"],"fullName":"useMarketData should handle API errors gracefully","status":"passed","title":"should handle API errors gracefully","duration":0.4380999999998494,"failureMessages":[],"meta":{}},{"ancestorTitles":["useMarketData"],"fullName":"useMarketData should return cached data when available","status":"passed","title":"should return cached data when available","duration":0.25159999999982574,"failureMessages":[],"meta":{}}],"startTime":1769040552868,"endTime":1769040552870.2517,"status":"passed","message":"","name":"C:/Users/olegh/Desktop/finpulse/strange-proskuriakova/finpulse-app/src/hooks/useMarketData.test.ts"},{"assertionResults":[{"ancestorTitles":["portfolioStore","addHolding"],"fullName":"portfolioStore addHolding should add a new holding to the portfolio","status":"passed","title":"should add a new holding to the portfolio","duration":4.740700000000061,"failureMessages":[],"meta":{}},{"ancestorTitles":["portfolioStore","addHolding"],"fullName":"portfolioStore addHolding should add multiple different holdings","status":"passed","title":"should add multiple different holdings","duration":1.1400000000001,"failureMessages":[],"meta":{}},{"ancestorTitles":["portfolioStore","removeHolding"],"fullName":"portfolioStore removeHolding should remove a holding by symbol","status":"passed","title":"should remove a holding by symbol","duration":0.9893000000001848,"failureMessages":[],"meta":{}},{"ancestorTitles":["portfolioStore","updateHolding"],"fullName":"portfolioStore updateHolding should update an existing holding","status":"passed","title":"should update an existing holding","duration":0.7714999999998327,"failureMessages":[],"meta":{}},{"ancestorTitles":["portfolioStore","privacy toggle"],"fullName":"portfolioStore privacy toggle should toggle privacy mode","status":"passed","title":"should toggle privacy mode","duration":0.1613999999999578,"failureMessages":[],"meta":{}},{"ancestorTitles":["portfolioStore","search and filter"],"fullName":"portfolioStore search and filter should update search term","status":"passed","title":"should update search term","duration":0.15540000000009968,"failureMessages":[],"meta":{}},{"ancestorTitles":["portfolioStore","search and filter"],"fullName":"portfolioStore search and filter should update filter type","status":"passed","title":"should update filter type","duration":0.11290000000008149,"failureMessages":[],"meta":{}}],"startTime":1769040553201,"endTime":1769040553209.1614,"status":"passed","message":"","name":"C:/Users/olegh/Desktop/finpulse/strange-proskuriakova/finpulse-app/src/store/portfolioStore.test.ts"},{"assertionResults":[{"ancestorTitles":["aiService","getMarketInsightStream"],"fullName":"aiService getMarketInsightStream should require authentication token","status":"passed","title":"should require authentication token","duration":3.985099999999875,"failureMessages":[],"meta":{}},{"ancestorTitles":["aiService","getMarketInsightStream"],"fullName":"aiService getMarketInsightStream should call backend API with token - requires fetch mock at module level","status":"todo","title":"should call backend API with token - requires fetch mock at module level","failureMessages":[],"meta":{}},{"ancestorTitles":["aiService","getMarketInsightStream"],"fullName":"aiService getMarketInsightStream should include portfolio context when provided - requires fetch mock at module level","status":"todo","title":"should include portfolio context when provided - requires fetch mock at module level","failureMessages":[],"meta":{}},{"ancestorTitles":["aiService","getMarketInsightStream"],"fullName":"aiService getMarketInsightStream should handle API errors gracefully - requires fetch mock at module level","status":"todo","title":"should handle API errors gracefully - requires fetch mock at module level","failureMessages":[],"meta":{}},{"ancestorTitles":["aiService","getMarketInsightStream"],"fullName":"aiService getMarketInsightStream should handle session expiry - requires fetch mock at module level","status":"todo","title":"should handle session expiry - requires fetch mock at module level","failureMessages":[],"meta":{}},{"ancestorTitles":["aiService","summarizeNews"],"fullName":"aiService summarizeNews should return null without token","status":"passed","title":"should return null without token","duration":0.41980000000012296,"failureMessages":[],"meta":{}},{"ancestorTitles":["aiService","summarizeNews"],"fullName":"aiService summarizeNews should summarize news with token - requires fetch mock at module level","status":"todo","title":"should summarize news with token - requires fetch mock at module level","failureMessages":[],"meta":{}}],"startTime":1769040552972,"endTime":1769040552976.42,"status":"passed","message":"","name":"C:/Users/olegh/Desktop/finpulse/strange-proskuriakova/finpulse-app/src/services/aiService.test.ts"},{"assertionResults":[{"ancestorTitles":["communityService","getPosts"],"fullName":"communityService getPosts should fetch community posts successfully","status":"passed","title":"should fetch community posts successfully","duration":1.7515000000000782,"failureMessages":[],"meta":{}},{"ancestorTitles":["communityService","getPosts"],"fullName":"communityService getPosts should handle fetch failure gracefully","status":"passed","title":"should handle fetch failure gracefully","duration":0.957300000000032,"failureMessages":[],"meta":{}},{"ancestorTitles":["communityService","getPosts"],"fullName":"communityService getPosts should handle unauthorized error","status":"passed","title":"should handle unauthorized error","duration":0.20090000000004693,"failureMessages":[],"meta":{}},{"ancestorTitles":["communityService","createPost"],"fullName":"communityService createPost should create a new post successfully","status":"passed","title":"should create a new post successfully","duration":0.2417000000000371,"failureMessages":[],"meta":{}},{"ancestorTitles":["communityService","createPost"],"fullName":"communityService createPost should handle rate limiting","status":"passed","title":"should handle rate limiting","duration":0.14830000000006294,"failureMessages":[],"meta":{}},{"ancestorTitles":["communityService","createPost"],"fullName":"communityService createPost should validate post content","status":"passed","title":"should validate post content","duration":0.19659999999998945,"failureMessages":[],"meta":{}},{"ancestorTitles":["communityService","likePost"],"fullName":"communityService likePost should like a post optimistically","status":"passed","title":"should like a post optimistically","duration":0.5256000000001677,"failureMessages":[],"meta":{}},{"ancestorTitles":["communityService","likePost"],"fullName":"communityService likePost should unlike a post","status":"passed","title":"should unlike a post","duration":0.2665999999999258,"failureMessages":[],"meta":{}},{"ancestorTitles":["communityService","likePost"],"fullName":"communityService likePost should persist likes to localStorage","status":"passed","title":"should persist likes to localStorage","duration":0.6530999999999949,"failureMessages":[],"meta":{}},{"ancestorTitles":["communityService","addComment"],"fullName":"communityService addComment should add a comment to a post","status":"passed","title":"should add a comment to a post","duration":0.3088999999999942,"failureMessages":[],"meta":{}},{"ancestorTitles":["communityService","addComment"],"fullName":"communityService addComment should handle comment rate limiting","status":"passed","title":"should handle comment rate limiting","duration":0.143100000000004,"failureMessages":[],"meta":{}},{"ancestorTitles":["communityService","Offline Support"],"fullName":"communityService Offline Support should cache posts for offline access","status":"passed","title":"should cache posts for offline access","duration":0.23699999999985266,"failureMessages":[],"meta":{}},{"ancestorTitles":["communityService","Offline Support"],"fullName":"communityService Offline Support should return cached posts when offline","status":"passed","title":"should return cached posts when offline","duration":0.16640000000006694,"failureMessages":[],"meta":{}},{"ancestorTitles":["communityService","Offline Support"],"fullName":"communityService Offline Support should queue likes when offline","status":"passed","title":"should queue likes when offline","duration":0.17579999999998108,"failureMessages":[],"meta":{}},{"ancestorTitles":["communityService","Post Types"],"fullName":"communityService Post Types should handle discussion post type","status":"passed","title":"should handle discussion post type","duration":0.1326000000001386,"failureMessages":[],"meta":{}},{"ancestorTitles":["communityService","Post Types"],"fullName":"communityService Post Types should handle analysis post type","status":"passed","title":"should handle analysis post type","duration":0.08320000000003347,"failureMessages":[],"meta":{}},{"ancestorTitles":["communityService","Post Types"],"fullName":"communityService Post Types should handle question post type","status":"passed","title":"should handle question post type","duration":0.07890000000020336,"failureMessages":[],"meta":{}},{"ancestorTitles":["communityService","Post Types"],"fullName":"communityService Post Types should handle news post type","status":"passed","title":"should handle news post type","duration":0.08839999999986503,"failureMessages":[],"meta":{}},{"ancestorTitles":["communityService","Error Handling"],"fullName":"communityService Error Handling should handle server errors gracefully","status":"passed","title":"should handle server errors gracefully","duration":0.1372999999998683,"failureMessages":[],"meta":{}},{"ancestorTitles":["communityService","Error Handling"],"fullName":"communityService Error Handling should handle malformed responses","status":"passed","title":"should handle malformed responses","duration":0.2357999999999265,"failureMessages":[],"meta":{}}],"startTime":1769040552854,"endTime":1769040552862.2358,"status":"passed","message":"","name":"C:/Users/olegh/Desktop/finpulse/strange-proskuriakova/finpulse-app/src/services/communityService.test.ts"},{"assertionResults":[{"ancestorTitles":["lemonSqueezyService","Variant IDs"],"fullName":"lemonSqueezyService Variant IDs should have correct variant IDs for plans","status":"passed","title":"should have correct variant IDs for plans","duration":1.1403000000000247,"failureMessages":[],"meta":{}},{"ancestorTitles":["lemonSqueezyService","createCheckoutSession"],"fullName":"lemonSqueezyService createCheckoutSession should create checkout session with valid variant","status":"passed","title":"should create checkout session with valid variant","duration":0.5224000000000615,"failureMessages":[],"meta":{}},{"ancestorTitles":["lemonSqueezyService","createCheckoutSession"],"fullName":"lemonSqueezyService createCheckoutSession should fall back to demo mode when variant ID is missing","status":"passed","title":"should fall back to demo mode when variant ID is missing","duration":0.28960000000006403,"failureMessages":[],"meta":{}},{"ancestorTitles":["lemonSqueezyService","createCheckoutSession"],"fullName":"lemonSqueezyService createCheckoutSession should handle checkout API errors","status":"passed","title":"should handle checkout API errors","duration":0.24520000000006803,"failureMessages":[],"meta":{}},{"ancestorTitles":["lemonSqueezyService","createCheckoutSession"],"fullName":"lemonSqueezyService createCheckoutSession should include correct success and cancel URLs","status":"passed","title":"should include correct success and cancel URLs","duration":0.22159999999985303,"failureMessages":[],"meta":{}},{"ancestorTitles":["lemonSqueezyService","getCustomerPortalUrl"],"fullName":"lemonSqueezyService getCustomerPortalUrl should return customer portal URL","status":"passed","title":"should return customer portal URL","duration":0.27939999999989595,"failureMessages":[],"meta":{}},{"ancestorTitles":["lemonSqueezyService","getCustomerPortalUrl"],"fullName":"lemonSqueezyService getCustomerPortalUrl should handle missing subscription","status":"passed","title":"should handle missing subscription","duration":0.2765999999999167,"failureMessages":[],"meta":{}},{"ancestorTitles":["lemonSqueezyService","getCustomerPortalUrl"],"fullName":"lemonSqueezyService getCustomerPortalUrl should fall back to origin when portal fetch fails","status":"passed","title":"should fall back to origin when portal fetch fails","duration":0.16640000000006694,"failureMessages":[],"meta":{}},{"ancestorTitles":["lemonSqueezyService","getSubscriptionStatus"],"fullName":"lemonSqueezyService getSubscriptionStatus should return active subscription status","status":"passed","title":"should return active subscription status","duration":0.3786000000000058,"failureMessages":[],"meta":{}},{"ancestorTitles":["lemonSqueezyService","getSubscriptionStatus"],"fullName":"lemonSqueezyService getSubscriptionStatus should return null for users without subscription","status":"passed","title":"should return null for users without subscription","duration":0.26350000000002183,"failureMessages":[],"meta":{}},{"ancestorTitles":["lemonSqueezyService","getSubscriptionStatus"],"fullName":"lemonSqueezyService getSubscriptionStatus should handle active subscription status","status":"passed","title":"should handle active subscription status","duration":0.17229999999995016,"failureMessages":[],"meta":{}},{"ancestorTitles":["lemonSqueezyService","getSubscriptionStatus"],"fullName":"lemonSqueezyService getSubscriptionStatus should handle cancelled subscription status","status":"passed","title":"should handle cancelled subscription status","duration":0.11869999999998981,"failureMessages":[],"meta":{}},{"ancestorTitles":["lemonSqueezyService","getSubscriptionStatus"],"fullName":"lemonSqueezyService getSubscriptionStatus should handle past_due subscription status","status":"passed","title":"should handle past_due subscription status","duration":0.07549999999991996,"failureMessages":[],"meta":{}},{"ancestorTitles":["lemonSqueezyService","getSubscriptionStatus"],"fullName":"lemonSqueezyService getSubscriptionStatus should handle paused subscription status","status":"passed","title":"should handle paused subscription status","duration":0.12190000000009604,"failureMessages":[],"meta":{}},{"ancestorTitles":["lemonSqueezyService","getSubscriptionStatus"],"fullName":"lemonSqueezyService getSubscriptionStatus should handle expired subscription status","status":"passed","title":"should handle expired subscription status","duration":0.11609999999996035,"failureMessages":[],"meta":{}},{"ancestorTitles":["lemonSqueezyService","cancelSubscription"],"fullName":"lemonSqueezyService cancelSubscription should cancel subscription successfully","status":"passed","title":"should cancel subscription successfully","duration":0.18039999999996326,"failureMessages":[],"meta":{}},{"ancestorTitles":["lemonSqueezyService","cancelSubscription"],"fullName":"lemonSqueezyService cancelSubscription should handle cancel errors","status":"passed","title":"should handle cancel errors","duration":0.25909999999998945,"failureMessages":[],"meta":{}},{"ancestorTitles":["lemonSqueezyService","resumeSubscription"],"fullName":"lemonSqueezyService resumeSubscription should resume cancelled subscription","status":"passed","title":"should resume cancelled subscription","duration":0.18869999999992615,"failureMessages":[],"meta":{}},{"ancestorTitles":["lemonSqueezyService","Demo Mode"],"fullName":"lemonSqueezyService Demo Mode should generate demo checkout URL when variant is missing","status":"passed","title":"should generate demo checkout URL when variant is missing","duration":0.1812999999999647,"failureMessages":[],"meta":{}},{"ancestorTitles":["lemonSqueezyService","Demo Mode"],"fullName":"lemonSqueezyService Demo Mode should detect demo mode from URL","status":"passed","title":"should detect demo mode from URL","duration":1.1234000000001743,"failureMessages":[],"meta":{}},{"ancestorTitles":["lemonSqueezyService","LemonSqueezy Overlay"],"fullName":"lemonSqueezyService LemonSqueezy Overlay should check for LemonSqueezy.js availability","status":"passed","title":"should check for LemonSqueezy.js availability","duration":0.14200000000005275,"failureMessages":[],"meta":{}},{"ancestorTitles":["lemonSqueezyService","LemonSqueezy Overlay"],"fullName":"lemonSqueezyService LemonSqueezy Overlay should fall back to redirect when overlay unavailable","status":"passed","title":"should fall back to redirect when overlay unavailable","duration":0.16270000000008622,"failureMessages":[],"meta":{}},{"ancestorTitles":["lemonSqueezyService","Authorization"],"fullName":"lemonSqueezyService Authorization should include auth token in requests","status":"passed","title":"should include auth token in requests","duration":0.17280000000005202,"failureMessages":[],"meta":{}},{"ancestorTitles":["lemonSqueezyService","Authorization"],"fullName":"lemonSqueezyService Authorization should handle missing auth token","status":"passed","title":"should handle missing auth token","duration":0.24610000000006949,"failureMessages":[],"meta":{}}],"startTime":1769040552872,"endTime":1769040552880.246,"status":"passed","message":"","name":"C:/Users/olegh/Desktop/finpulse/strange-proskuriakova/finpulse-app/src/services/lemonSqueezyService.test.ts"},{"assertionResults":[{"ancestorTitles":["syncService","Device ID Management"],"fullName":"syncService Device ID Management should use existing device ID from localStorage","status":"passed","title":"should use existing device ID from localStorage","duration":1.4203999999999724,"failureMessages":[],"meta":{}},{"ancestorTitles":["syncService","Device ID Management"],"fullName":"syncService Device ID Management should create new device ID if none exists","status":"passed","title":"should create new device ID if none exists","duration":0.4473000000000411,"failureMessages":[],"meta":{}},{"ancestorTitles":["syncService","WebSocket Connection"],"fullName":"syncService WebSocket Connection should establish WebSocket connection with auth token","status":"passed","title":"should establish WebSocket connection with auth token","duration":0.3342000000000098,"failureMessages":[],"meta":{}},{"ancestorTitles":["syncService","WebSocket Connection"],"fullName":"syncService WebSocket Connection should handle connection open event","status":"passed","title":"should handle connection open event","duration":0.5347000000001572,"failureMessages":[],"meta":{}},{"ancestorTitles":["syncService","WebSocket Connection"],"fullName":"syncService WebSocket Connection should handle incoming sync events","status":"passed","title":"should handle incoming sync events","duration":1.343099999999822,"failureMessages":[],"meta":{}},{"ancestorTitles":["syncService","WebSocket Connection"],"fullName":"syncService WebSocket Connection should handle connection close and attempt reconnect","status":"passed","title":"should handle connection close and attempt reconnect","duration":0.29160000000001673,"failureMessages":[],"meta":{}},{"ancestorTitles":["syncService","Offline Support"],"fullName":"syncService Offline Support should queue events when offline","status":"passed","title":"should queue events when offline","duration":0.6924999999998818,"failureMessages":[],"meta":{}},{"ancestorTitles":["syncService","Offline Support"],"fullName":"syncService Offline Support should process pending events when coming online","status":"passed","title":"should process pending events when coming online","duration":0.29120000000011714,"failureMessages":[],"meta":{}},{"ancestorTitles":["syncService","Device Management API"],"fullName":"syncService Device Management API should fetch devices list","status":"passed","title":"should fetch devices list","duration":0.5271999999999935,"failureMessages":[],"meta":{}},{"ancestorTitles":["syncService","Device Management API"],"fullName":"syncService Device Management API should revoke device access","status":"passed","title":"should revoke device access","duration":0.43630000000007385,"failureMessages":[],"meta":{}},{"ancestorTitles":["syncService","Device Management API"],"fullName":"syncService Device Management API should handle unauthorized error","status":"passed","title":"should handle unauthorized error","duration":0.3712000000000444,"failureMessages":[],"meta":{}},{"ancestorTitles":["syncService","Token Handling"],"fullName":"syncService Token Handling should use finpulse_id_token for API calls","status":"passed","title":"should use finpulse_id_token for API calls","duration":0.2703999999998814,"failureMessages":[],"meta":{}},{"ancestorTitles":["syncService","Token Handling"],"fullName":"syncService Token Handling should handle missing token gracefully","status":"passed","title":"should handle missing token gracefully","duration":0.2903000000001157,"failureMessages":[],"meta":{}},{"ancestorTitles":["syncService","Sync Event Types"],"fullName":"syncService Sync Event Types should handle holding_add event","status":"passed","title":"should handle holding_add event","duration":0.3687999999999647,"failureMessages":[],"meta":{}},{"ancestorTitles":["syncService","Sync Event Types"],"fullName":"syncService Sync Event Types should handle holding_update event","status":"passed","title":"should handle holding_update event","duration":0.373299999999972,"failureMessages":[],"meta":{}},{"ancestorTitles":["syncService","Sync Event Types"],"fullName":"syncService Sync Event Types should handle holding_remove event","status":"passed","title":"should handle holding_remove event","duration":0.3239000000000942,"failureMessages":[],"meta":{}},{"ancestorTitles":["syncService","Sync Event Types"],"fullName":"syncService Sync Event Types should handle settings_update event","status":"passed","title":"should handle settings_update event","duration":0.32209999999986394,"failureMessages":[],"meta":{}},{"ancestorTitles":["syncService","Sync Event Types"],"fullName":"syncService Sync Event Types should handle watchlist_update event","status":"passed","title":"should handle watchlist_update event","duration":0.26269999999999527,"failureMessages":[],"meta":{}}],"startTime":1769040552870,"endTime":1769040552879.322,"status":"passed","message":"","name":"C:/Users/olegh/Desktop/finpulse/strange-proskuriakova/finpulse-app/src/services/syncService.test.ts"},{"assertionResults":[{"ancestorTitles":["watchlistService","Watchlist CRUD"],"fullName":"watchlistService Watchlist CRUD should add item to watchlist","status":"passed","title":"should add item to watchlist","duration":2.2433999999998377,"failureMessages":[],"meta":{}},{"ancestorTitles":["watchlistService","Watchlist CRUD"],"fullName":"watchlistService Watchlist CRUD should remove item from watchlist","status":"passed","title":"should remove item from watchlist","duration":0.4440999999999349,"failureMessages":[],"meta":{}},{"ancestorTitles":["watchlistService","Watchlist CRUD"],"fullName":"watchlistService Watchlist CRUD should get all watchlist items","status":"passed","title":"should get all watchlist items","duration":0.20369999999979882,"failureMessages":[],"meta":{}},{"ancestorTitles":["watchlistService","Watchlist CRUD"],"fullName":"watchlistService Watchlist CRUD should check if symbol exists in watchlist","status":"passed","title":"should check if symbol exists in watchlist","duration":0.1954000000000633,"failureMessages":[],"meta":{}},{"ancestorTitles":["watchlistService","Watchlist CRUD"],"fullName":"watchlistService Watchlist CRUD should prevent duplicate entries","status":"passed","title":"should prevent duplicate entries","duration":0.1998999999998432,"failureMessages":[],"meta":{}},{"ancestorTitles":["watchlistService","Price Alerts"],"fullName":"watchlistService Price Alerts should create price alert","status":"passed","title":"should create price alert","duration":0.36609999999996035,"failureMessages":[],"meta":{}},{"ancestorTitles":["watchlistService","Price Alerts"],"fullName":"watchlistService Price Alerts should trigger alert when price threshold crossed (above)","status":"passed","title":"should trigger alert when price threshold crossed (above)","duration":0.20440000000007785,"failureMessages":[],"meta":{}},{"ancestorTitles":["watchlistService","Price Alerts"],"fullName":"watchlistService Price Alerts should trigger alert when price threshold crossed (below)","status":"passed","title":"should trigger alert when price threshold crossed (below)","duration":0.20289999999999964,"failureMessages":[],"meta":{}},{"ancestorTitles":["watchlistService","Price Alerts"],"fullName":"watchlistService Price Alerts should not trigger alert when threshold not crossed","status":"passed","title":"should not trigger alert when threshold not crossed","duration":0.19869999999991705,"failureMessages":[],"meta":{}},{"ancestorTitles":["watchlistService","Price Alerts"],"fullName":"watchlistService Price Alerts should mark alert as triggered","status":"passed","title":"should mark alert as triggered","duration":0.22810000000004038,"failureMessages":[],"meta":{}},{"ancestorTitles":["watchlistService","Price Alerts"],"fullName":"watchlistService Price Alerts should delete price alert","status":"passed","title":"should delete price alert","duration":0.23559999999997672,"failureMessages":[],"meta":{}},{"ancestorTitles":["watchlistService","Price Alerts"],"fullName":"watchlistService Price Alerts should get all alerts for a symbol","status":"passed","title":"should get all alerts for a symbol","duration":0.14480000000003201,"failureMessages":[],"meta":{}},{"ancestorTitles":["watchlistService","LocalStorage Persistence"],"fullName":"watchlistService LocalStorage Persistence should persist watchlist across sessions","status":"passed","title":"should persist watchlist across sessions","duration":0.19249999999988177,"failureMessages":[],"meta":{}},{"ancestorTitles":["watchlistService","LocalStorage Persistence"],"fullName":"watchlistService LocalStorage Persistence should handle empty watchlist","status":"passed","title":"should handle empty watchlist","duration":0.16769999999996799,"failureMessages":[],"meta":{}},{"ancestorTitles":["watchlistService","LocalStorage Persistence"],"fullName":"watchlistService LocalStorage Persistence should handle corrupted data gracefully","status":"passed","title":"should handle corrupted data gracefully","duration":0.686200000000099,"failureMessages":[],"meta":{}},{"ancestorTitles":["watchlistService","Asset Types"],"fullName":"watchlistService Asset Types should categorize BTC as crypto","status":"passed","title":"should categorize BTC as crypto","duration":0.22029999999995198,"failureMessages":[],"meta":{}},{"ancestorTitles":["watchlistService","Asset Types"],"fullName":"watchlistService Asset Types should categorize ETH as crypto","status":"passed","title":"should categorize ETH as crypto","duration":0.13170000000013715,"failureMessages":[],"meta":{}},{"ancestorTitles":["watchlistService","Asset Types"],"fullName":"watchlistService Asset Types should categorize AAPL as stock","status":"passed","title":"should categorize AAPL as stock","duration":0.13889999999992142,"failureMessages":[],"meta":{}},{"ancestorTitles":["watchlistService","Asset Types"],"fullName":"watchlistService Asset Types should categorize MSFT as stock","status":"passed","title":"should categorize MSFT as stock","duration":0.1290000000001328,"failureMessages":[],"meta":{}},{"ancestorTitles":["watchlistService","Watchlist Limits"],"fullName":"watchlistService Watchlist Limits should enforce maximum watchlist size for free tier","status":"passed","title":"should enforce maximum watchlist size for free tier","duration":0.24420000000009168,"failureMessages":[],"meta":{}},{"ancestorTitles":["watchlistService","Watchlist Limits"],"fullName":"watchlistService Watchlist Limits should allow more items for premium users","status":"passed","title":"should allow more items for premium users","duration":0.1834000000001197,"failureMessages":[],"meta":{}},{"ancestorTitles":["watchlistService","Alert Notifications"],"fullName":"watchlistService Alert Notifications should check for triggered alerts","status":"passed","title":"should check for triggered alerts","duration":0.41390000000001237,"failureMessages":[],"meta":{}},{"ancestorTitles":["watchlistService","Alert Notifications"],"fullName":"watchlistService Alert Notifications should format alert notification message","status":"passed","title":"should format alert notification message","duration":16.907699999999977,"failureMessages":[],"meta":{}}],"startTime":1769040552869,"endTime":1769040552893.9077,"status":"passed","message":"","name":"C:/Users/olegh/Desktop/finpulse/strange-proskuriakova/finpulse-app/src/services/watchlistService.test.ts"}]}