{"numTotalTestSuites":65,"numPassedTestSuites":65,"numFailedTestSuites":0,"numPendingTestSuites":0,"numTotalTests":142,"numPassedTests":142,"numFailedTests":0,"numPendingTests":0,"numTodoTests":0,"snapshot":{"added":0,"failure":false,"filesAdded":0,"filesRemoved":0,"filesRemovedList":[],"filesUnmatched":0,"filesUpdated":0,"matched":0,"total":0,"unchecked":0,"uncheckedKeysByFile":[],"unmatched":0,"updated":0,"didUpdate":false},"startTime":1768759642970,"success":true,"testResults":[{"assertionResults":[{"ancestorTitles":["MarketTicker"],"fullName":"MarketTicker renders without crashing","status":"passed","title":"renders without crashing","duration":171.66399999999976,"failureMessages":[],"meta":{}},{"ancestorTitles":["MarketTicker"],"fullName":"MarketTicker displays connection status indicator","status":"passed","title":"displays connection status indicator","duration":63.426600000000235,"failureMessages":[],"meta":{}},{"ancestorTitles":["MarketTicker"],"fullName":"MarketTicker displays crypto symbols","status":"passed","title":"displays crypto symbols","duration":41.39529999999968,"failureMessages":[],"meta":{}},{"ancestorTitles":["MarketTicker"],"fullName":"MarketTicker formats prices correctly for USD","status":"passed","title":"formats prices correctly for USD","duration":37.759900000000016,"failureMessages":[],"meta":{}},{"ancestorTitles":["MarketTicker"],"fullName":"MarketTicker renders ILS currency correctly","status":"passed","title":"renders ILS currency correctly","duration":45.2201,"failureMessages":[],"meta":{}}],"startTime":1768759646267,"endTime":1768759646627.2202,"status":"passed","message":"","name":"C:/Users/olegh/Documents/Projects/finpulse/finpulse-app/src/components/MarketTicker.test.tsx"},{"assertionResults":[{"ancestorTitles":["NotificationBell"],"fullName":"NotificationBell renders bell icon","status":"passed","title":"renders bell icon","duration":124.09910000000036,"failureMessages":[],"meta":{}},{"ancestorTitles":["NotificationBell"],"fullName":"NotificationBell shows unread badge when there are unread notifications","status":"passed","title":"shows unread badge when there are unread notifications","duration":7.274199999999837,"failureMessages":[],"meta":{}},{"ancestorTitles":["NotificationBell"],"fullName":"NotificationBell opens notification panel on click","status":"passed","title":"opens notification panel on click","duration":83.27330000000029,"failureMessages":[],"meta":{}},{"ancestorTitles":["NotificationBell"],"fullName":"NotificationBell closes panel when clicking close button","status":"passed","title":"closes panel when clicking close button","duration":121.36639999999989,"failureMessages":[],"meta":{}},{"ancestorTitles":["NotificationBell"],"fullName":"NotificationBell filters notifications based on user plan","status":"passed","title":"filters notifications based on user plan","duration":76.16280000000006,"failureMessages":[],"meta":{}},{"ancestorTitles":["NotificationBell"],"fullName":"NotificationBell hides targeted notifications for non-matching plans","status":"passed","title":"hides targeted notifications for non-matching plans","duration":64.27410000000009,"failureMessages":[],"meta":{}}],"startTime":1768759646428,"endTime":1768759646904.2742,"status":"passed","message":"","name":"C:/Users/olegh/Documents/Projects/finpulse/finpulse-app/src/components/NotificationBell.test.tsx"},{"assertionResults":[{"ancestorTitles":["Watchlist"],"fullName":"Watchlist renders watchlist title","status":"passed","title":"renders watchlist title","duration":95.84999999999991,"failureMessages":[],"meta":{}},{"ancestorTitles":["Watchlist"],"fullName":"Watchlist displays watchlist items","status":"passed","title":"displays watchlist items","duration":28.208500000000186,"failureMessages":[],"meta":{}},{"ancestorTitles":["Watchlist"],"fullName":"Watchlist shows connection status","status":"passed","title":"shows connection status","duration":18.90689999999995,"failureMessages":[],"meta":{}},{"ancestorTitles":["Watchlist"],"fullName":"Watchlist displays prices in correct currency (USD)","status":"passed","title":"displays prices in correct currency (USD)","duration":37.72680000000037,"failureMessages":[],"meta":{}},{"ancestorTitles":["Watchlist"],"fullName":"Watchlist displays prices in correct currency (ILS)","status":"passed","title":"displays prices in correct currency (ILS)","duration":24.508100000000013,"failureMessages":[],"meta":{}},{"ancestorTitles":["Watchlist"],"fullName":"Watchlist opens add modal when clicking add button","status":"passed","title":"opens add modal when clicking add button","duration":151.76549999999997,"failureMessages":[],"meta":{}},{"ancestorTitles":["Watchlist"],"fullName":"Watchlist filters assets based on search","status":"passed","title":"filters assets based on search","duration":170.50660000000016,"failureMessages":[],"meta":{}},{"ancestorTitles":["Watchlist"],"fullName":"Watchlist calls onAddToPortfolio when provided","status":"passed","title":"calls onAddToPortfolio when provided","duration":37.1283999999996,"failureMessages":[],"meta":{}},{"ancestorTitles":["Watchlist"],"fullName":"Watchlist shows empty state when watchlist is empty","status":"passed","title":"shows empty state when watchlist is empty","duration":7.841699999999946,"failureMessages":[],"meta":{}}],"startTime":1768759646468,"endTime":1768759647040.8418,"status":"passed","message":"","name":"C:/Users/olegh/Documents/Projects/finpulse/finpulse-app/src/components/Watchlist.test.tsx"},{"assertionResults":[{"ancestorTitles":["useMarketData"],"fullName":"useMarketData should fetch market data successfully","status":"passed","title":"should fetch market data successfully","duration":2.6929000000000087,"failureMessages":[],"meta":{}},{"ancestorTitles":["useMarketData"],"fullName":"useMarketData should handle API errors gracefully","status":"passed","title":"should handle API errors gracefully","duration":0.6455000000000837,"failureMessages":[],"meta":{}},{"ancestorTitles":["useMarketData"],"fullName":"useMarketData should return cached data when available","status":"passed","title":"should return cached data when available","duration":0.3949999999999818,"failureMessages":[],"meta":{}}],"startTime":1768759645948,"endTime":1768759645951.6455,"status":"passed","message":"","name":"C:/Users/olegh/Documents/Projects/finpulse/finpulse-app/src/hooks/useMarketData.test.ts"},{"assertionResults":[{"ancestorTitles":["aiService","queryAI"],"fullName":"aiService queryAI should send AI query and receive response","status":"passed","title":"should send AI query and receive response","duration":2.5939000000003034,"failureMessages":[],"meta":{}},{"ancestorTitles":["aiService","queryAI"],"fullName":"aiService queryAI should include portfolio data in request","status":"passed","title":"should include portfolio data in request","duration":3.716599999999744,"failureMessages":[],"meta":{}},{"ancestorTitles":["aiService","queryAI"],"fullName":"aiService queryAI should handle empty query","status":"passed","title":"should handle empty query","duration":0.2314000000001215,"failureMessages":[],"meta":{}},{"ancestorTitles":["aiService","queryAI"],"fullName":"aiService queryAI should handle query exceeding max length","status":"passed","title":"should handle query exceeding max length","duration":0.2098999999998341,"failureMessages":[],"meta":{}},{"ancestorTitles":["aiService","Rate Limiting"],"fullName":"aiService Rate Limiting should handle rate limit exceeded","status":"passed","title":"should handle rate limit exceeded","duration":0.28270000000020445,"failureMessages":[],"meta":{}},{"ancestorTitles":["aiService","Rate Limiting"],"fullName":"aiService Rate Limiting should track remaining queries","status":"passed","title":"should track remaining queries","duration":0.3211999999998625,"failureMessages":[],"meta":{}},{"ancestorTitles":["aiService","Rate Limiting"],"fullName":"aiService Rate Limiting should respect tier-based limits","status":"passed","title":"should respect tier-based limits","duration":0.23289999999997235,"failureMessages":[],"meta":{}},{"ancestorTitles":["aiService","Streaming Responses"],"fullName":"aiService Streaming Responses should handle streaming response","status":"passed","title":"should handle streaming response","duration":0.2462999999997919,"failureMessages":[],"meta":{}},{"ancestorTitles":["aiService","Streaming Responses"],"fullName":"aiService Streaming Responses should handle stream interruption","status":"passed","title":"should handle stream interruption","duration":2.055699999999888,"failureMessages":[],"meta":{}},{"ancestorTitles":["aiService","Error Handling"],"fullName":"aiService Error Handling should handle API errors gracefully","status":"passed","title":"should handle API errors gracefully","duration":0.36760000000003856,"failureMessages":[],"meta":{}},{"ancestorTitles":["aiService","Error Handling"],"fullName":"aiService Error Handling should handle network timeout","status":"passed","title":"should handle network timeout","duration":0.36760000000003856,"failureMessages":[],"meta":{}},{"ancestorTitles":["aiService","Error Handling"],"fullName":"aiService Error Handling should handle unauthorized request","status":"passed","title":"should handle unauthorized request","duration":0.2807999999999993,"failureMessages":[],"meta":{}},{"ancestorTitles":["aiService","Error Handling"],"fullName":"aiService Error Handling should handle malformed response","status":"passed","title":"should handle malformed response","duration":0.5199000000002343,"failureMessages":[],"meta":{}},{"ancestorTitles":["aiService","Query Sanitization"],"fullName":"aiService Query Sanitization should reject prompt injection attempts","status":"passed","title":"should reject prompt injection attempts","duration":0.662499999999909,"failureMessages":[],"meta":{}},{"ancestorTitles":["aiService","Query Sanitization"],"fullName":"aiService Query Sanitization should allow legitimate queries","status":"passed","title":"should allow legitimate queries","duration":0.2907000000000153,"failureMessages":[],"meta":{}},{"ancestorTitles":["aiService","Context Types"],"fullName":"aiService Context Types should handle portfolio_analysis context","status":"passed","title":"should handle portfolio_analysis context","duration":0.47420000000010987,"failureMessages":[],"meta":{}},{"ancestorTitles":["aiService","Context Types"],"fullName":"aiService Context Types should handle market_insight context","status":"passed","title":"should handle market_insight context","duration":0.2566999999999098,"failureMessages":[],"meta":{}},{"ancestorTitles":["aiService","Context Types"],"fullName":"aiService Context Types should handle price_prediction context","status":"passed","title":"should handle price_prediction context","duration":0.2506999999995969,"failureMessages":[],"meta":{}},{"ancestorTitles":["aiService","Context Types"],"fullName":"aiService Context Types should handle general context","status":"passed","title":"should handle general context","duration":0.20200000000022555,"failureMessages":[],"meta":{}},{"ancestorTitles":["aiService","Response Caching"],"fullName":"aiService Response Caching should cache AI responses","status":"passed","title":"should cache AI responses","duration":0.44210000000020955,"failureMessages":[],"meta":{}},{"ancestorTitles":["aiService","Response Caching"],"fullName":"aiService Response Caching should invalidate stale cache","status":"passed","title":"should invalidate stale cache","duration":0.4095999999999549,"failureMessages":[],"meta":{}},{"ancestorTitles":["aiService","Token Usage Tracking"],"fullName":"aiService Token Usage Tracking should track tokens used","status":"passed","title":"should track tokens used","duration":0.41760000000022046,"failureMessages":[],"meta":{}},{"ancestorTitles":["aiService","Token Usage Tracking"],"fullName":"aiService Token Usage Tracking should accumulate monthly token usage","status":"passed","title":"should accumulate monthly token usage","duration":0.4345000000002983,"failureMessages":[],"meta":{}}],"startTime":1768759645837,"endTime":1768759645853.4346,"status":"passed","message":"","name":"C:/Users/olegh/Documents/Projects/finpulse/finpulse-app/src/services/aiService.test.ts"},{"assertionResults":[{"ancestorTitles":["communityService","getPosts"],"fullName":"communityService getPosts should fetch community posts successfully","status":"passed","title":"should fetch community posts successfully","duration":4.909799999999905,"failureMessages":[],"meta":{}},{"ancestorTitles":["communityService","getPosts"],"fullName":"communityService getPosts should handle fetch failure gracefully","status":"passed","title":"should handle fetch failure gracefully","duration":1.8474999999998545,"failureMessages":[],"meta":{}},{"ancestorTitles":["communityService","getPosts"],"fullName":"communityService getPosts should handle unauthorized error","status":"passed","title":"should handle unauthorized error","duration":0.2988000000000284,"failureMessages":[],"meta":{}},{"ancestorTitles":["communityService","createPost"],"fullName":"communityService createPost should create a new post successfully","status":"passed","title":"should create a new post successfully","duration":0.396900000000187,"failureMessages":[],"meta":{}},{"ancestorTitles":["communityService","createPost"],"fullName":"communityService createPost should handle rate limiting","status":"passed","title":"should handle rate limiting","duration":0.3949999999999818,"failureMessages":[],"meta":{}},{"ancestorTitles":["communityService","createPost"],"fullName":"communityService createPost should validate post content","status":"passed","title":"should validate post content","duration":0.42180000000007567,"failureMessages":[],"meta":{}},{"ancestorTitles":["communityService","likePost"],"fullName":"communityService likePost should like a post optimistically","status":"passed","title":"should like a post optimistically","duration":0.8482999999996537,"failureMessages":[],"meta":{}},{"ancestorTitles":["communityService","likePost"],"fullName":"communityService likePost should unlike a post","status":"passed","title":"should unlike a post","duration":0.3843000000001666,"failureMessages":[],"meta":{}},{"ancestorTitles":["communityService","likePost"],"fullName":"communityService likePost should persist likes to localStorage","status":"passed","title":"should persist likes to localStorage","duration":1.5462999999999738,"failureMessages":[],"meta":{}},{"ancestorTitles":["communityService","addComment"],"fullName":"communityService addComment should add a comment to a post","status":"passed","title":"should add a comment to a post","duration":0.627400000000307,"failureMessages":[],"meta":{}},{"ancestorTitles":["communityService","addComment"],"fullName":"communityService addComment should handle comment rate limiting","status":"passed","title":"should handle comment rate limiting","duration":0.4270000000001346,"failureMessages":[],"meta":{}},{"ancestorTitles":["communityService","Offline Support"],"fullName":"communityService Offline Support should cache posts for offline access","status":"passed","title":"should cache posts for offline access","duration":0.587800000000243,"failureMessages":[],"meta":{}},{"ancestorTitles":["communityService","Offline Support"],"fullName":"communityService Offline Support should return cached posts when offline","status":"passed","title":"should return cached posts when offline","duration":0.5441000000000713,"failureMessages":[],"meta":{}},{"ancestorTitles":["communityService","Offline Support"],"fullName":"communityService Offline Support should queue likes when offline","status":"passed","title":"should queue likes when offline","duration":0.5228000000001884,"failureMessages":[],"meta":{}},{"ancestorTitles":["communityService","Post Types"],"fullName":"communityService Post Types should handle discussion post type","status":"passed","title":"should handle discussion post type","duration":0.4034999999998945,"failureMessages":[],"meta":{}},{"ancestorTitles":["communityService","Post Types"],"fullName":"communityService Post Types should handle analysis post type","status":"passed","title":"should handle analysis post type","duration":0.26690000000007785,"failureMessages":[],"meta":{}},{"ancestorTitles":["communityService","Post Types"],"fullName":"communityService Post Types should handle question post type","status":"passed","title":"should handle question post type","duration":0.23080000000027212,"failureMessages":[],"meta":{}},{"ancestorTitles":["communityService","Post Types"],"fullName":"communityService Post Types should handle news post type","status":"passed","title":"should handle news post type","duration":0.26830000000018117,"failureMessages":[],"meta":{}},{"ancestorTitles":["communityService","Error Handling"],"fullName":"communityService Error Handling should handle server errors gracefully","status":"passed","title":"should handle server errors gracefully","duration":0.4942999999998392,"failureMessages":[],"meta":{}},{"ancestorTitles":["communityService","Error Handling"],"fullName":"communityService Error Handling should handle malformed responses","status":"passed","title":"should handle malformed responses","duration":0.7248999999997068,"failureMessages":[],"meta":{}}],"startTime":1768759645837,"endTime":1768759645854.7249,"status":"passed","message":"","name":"C:/Users/olegh/Documents/Projects/finpulse/finpulse-app/src/services/communityService.test.ts"},{"assertionResults":[{"ancestorTitles":["geminiService","getMarketInsight"],"fullName":"geminiService getMarketInsight should return AI insight for valid query","status":"passed","title":"should return AI insight for valid query","duration":2.6736000000000786,"failureMessages":[],"meta":{}},{"ancestorTitles":["geminiService","getMarketInsight"],"fullName":"geminiService getMarketInsight should handle rate limiting","status":"passed","title":"should handle rate limiting","duration":0.47069999999985157,"failureMessages":[],"meta":{}},{"ancestorTitles":["geminiService","getMarketInsight"],"fullName":"geminiService getMarketInsight should return fallback when API key is missing","status":"passed","title":"should return fallback when API key is missing","duration":0.33910000000014406,"failureMessages":[],"meta":{}},{"ancestorTitles":["geminiService","analyzePortfolio"],"fullName":"geminiService analyzePortfolio should provide portfolio analysis","status":"passed","title":"should provide portfolio analysis","duration":0.3546000000001186,"failureMessages":[],"meta":{}}],"startTime":1768759645961,"endTime":1768759645965.3545,"status":"passed","message":"","name":"C:/Users/olegh/Documents/Projects/finpulse/finpulse-app/src/services/geminiService.test.ts"},{"assertionResults":[{"ancestorTitles":["lemonSqueezyService","Variant IDs"],"fullName":"lemonSqueezyService Variant IDs should have correct variant IDs for plans","status":"passed","title":"should have correct variant IDs for plans","duration":2.617999999999938,"failureMessages":[],"meta":{}},{"ancestorTitles":["lemonSqueezyService","createCheckoutSession"],"fullName":"lemonSqueezyService createCheckoutSession should create checkout session with valid variant","status":"passed","title":"should create checkout session with valid variant","duration":0.9607999999998356,"failureMessages":[],"meta":{}},{"ancestorTitles":["lemonSqueezyService","createCheckoutSession"],"fullName":"lemonSqueezyService createCheckoutSession should fall back to demo mode when variant ID is missing","status":"passed","title":"should fall back to demo mode when variant ID is missing","duration":0.4936999999999898,"failureMessages":[],"meta":{}},{"ancestorTitles":["lemonSqueezyService","createCheckoutSession"],"fullName":"lemonSqueezyService createCheckoutSession should handle checkout API errors","status":"passed","title":"should handle checkout API errors","duration":0.2863999999999578,"failureMessages":[],"meta":{}},{"ancestorTitles":["lemonSqueezyService","createCheckoutSession"],"fullName":"lemonSqueezyService createCheckoutSession should include correct success and cancel URLs","status":"passed","title":"should include correct success and cancel URLs","duration":0.2913999999996122,"failureMessages":[],"meta":{}},{"ancestorTitles":["lemonSqueezyService","getCustomerPortalUrl"],"fullName":"lemonSqueezyService getCustomerPortalUrl should return customer portal URL","status":"passed","title":"should return customer portal URL","duration":0.5479000000000269,"failureMessages":[],"meta":{}},{"ancestorTitles":["lemonSqueezyService","getCustomerPortalUrl"],"fullName":"lemonSqueezyService getCustomerPortalUrl should handle missing subscription","status":"passed","title":"should handle missing subscription","duration":0.43800000000010186,"failureMessages":[],"meta":{}},{"ancestorTitles":["lemonSqueezyService","getCustomerPortalUrl"],"fullName":"lemonSqueezyService getCustomerPortalUrl should fall back to origin when portal fetch fails","status":"passed","title":"should fall back to origin when portal fetch fails","duration":0.337800000000243,"failureMessages":[],"meta":{}},{"ancestorTitles":["lemonSqueezyService","getSubscriptionStatus"],"fullName":"lemonSqueezyService getSubscriptionStatus should return active subscription status","status":"passed","title":"should return active subscription status","duration":0.8753000000001521,"failureMessages":[],"meta":{}},{"ancestorTitles":["lemonSqueezyService","getSubscriptionStatus"],"fullName":"lemonSqueezyService getSubscriptionStatus should return null for users without subscription","status":"passed","title":"should return null for users without subscription","duration":0.44450000000006185,"failureMessages":[],"meta":{}},{"ancestorTitles":["lemonSqueezyService","getSubscriptionStatus"],"fullName":"lemonSqueezyService getSubscriptionStatus should handle active subscription status","status":"passed","title":"should handle active subscription status","duration":0.40590000000020154,"failureMessages":[],"meta":{}},{"ancestorTitles":["lemonSqueezyService","getSubscriptionStatus"],"fullName":"lemonSqueezyService getSubscriptionStatus should handle cancelled subscription status","status":"passed","title":"should handle cancelled subscription status","duration":0.3027999999999338,"failureMessages":[],"meta":{}},{"ancestorTitles":["lemonSqueezyService","getSubscriptionStatus"],"fullName":"lemonSqueezyService getSubscriptionStatus should handle past_due subscription status","status":"passed","title":"should handle past_due subscription status","duration":0.276299999999992,"failureMessages":[],"meta":{}},{"ancestorTitles":["lemonSqueezyService","getSubscriptionStatus"],"fullName":"lemonSqueezyService getSubscriptionStatus should handle paused subscription status","status":"passed","title":"should handle paused subscription status","duration":0.2498000000000502,"failureMessages":[],"meta":{}},{"ancestorTitles":["lemonSqueezyService","getSubscriptionStatus"],"fullName":"lemonSqueezyService getSubscriptionStatus should handle expired subscription status","status":"passed","title":"should handle expired subscription status","duration":0.2726999999999862,"failureMessages":[],"meta":{}},{"ancestorTitles":["lemonSqueezyService","cancelSubscription"],"fullName":"lemonSqueezyService cancelSubscription should cancel subscription successfully","status":"passed","title":"should cancel subscription successfully","duration":0.5254999999997381,"failureMessages":[],"meta":{}},{"ancestorTitles":["lemonSqueezyService","cancelSubscription"],"fullName":"lemonSqueezyService cancelSubscription should handle cancel errors","status":"passed","title":"should handle cancel errors","duration":0.36580000000003565,"failureMessages":[],"meta":{}},{"ancestorTitles":["lemonSqueezyService","resumeSubscription"],"fullName":"lemonSqueezyService resumeSubscription should resume cancelled subscription","status":"passed","title":"should resume cancelled subscription","duration":0.42650000000003274,"failureMessages":[],"meta":{}},{"ancestorTitles":["lemonSqueezyService","Demo Mode"],"fullName":"lemonSqueezyService Demo Mode should generate demo checkout URL when variant is missing","status":"passed","title":"should generate demo checkout URL when variant is missing","duration":0.38819999999986976,"failureMessages":[],"meta":{}},{"ancestorTitles":["lemonSqueezyService","Demo Mode"],"fullName":"lemonSqueezyService Demo Mode should detect demo mode from URL","status":"passed","title":"should detect demo mode from URL","duration":1.7406000000000859,"failureMessages":[],"meta":{}},{"ancestorTitles":["lemonSqueezyService","LemonSqueezy Overlay"],"fullName":"lemonSqueezyService LemonSqueezy Overlay should check for LemonSqueezy.js availability","status":"passed","title":"should check for LemonSqueezy.js availability","duration":0.2713999999996304,"failureMessages":[],"meta":{}},{"ancestorTitles":["lemonSqueezyService","LemonSqueezy Overlay"],"fullName":"lemonSqueezyService LemonSqueezy Overlay should fall back to redirect when overlay unavailable","status":"passed","title":"should fall back to redirect when overlay unavailable","duration":0.15970000000015716,"failureMessages":[],"meta":{}},{"ancestorTitles":["lemonSqueezyService","Authorization"],"fullName":"lemonSqueezyService Authorization should include auth token in requests","status":"passed","title":"should include auth token in requests","duration":0.15450000000009823,"failureMessages":[],"meta":{}},{"ancestorTitles":["lemonSqueezyService","Authorization"],"fullName":"lemonSqueezyService Authorization should handle missing auth token","status":"passed","title":"should handle missing auth token","duration":0.16059999999970387,"failureMessages":[],"meta":{}}],"startTime":1768759645962,"endTime":1768759645977.1606,"status":"passed","message":"","name":"C:/Users/olegh/Documents/Projects/finpulse/finpulse-app/src/services/lemonSqueezyService.test.ts"},{"assertionResults":[{"ancestorTitles":["syncService","Device ID Management"],"fullName":"syncService Device ID Management should use existing device ID from localStorage","status":"passed","title":"should use existing device ID from localStorage","duration":2.385099999999966,"failureMessages":[],"meta":{}},{"ancestorTitles":["syncService","Device ID Management"],"fullName":"syncService Device ID Management should create new device ID if none exists","status":"passed","title":"should create new device ID if none exists","duration":0.4574999999999818,"failureMessages":[],"meta":{}},{"ancestorTitles":["syncService","WebSocket Connection"],"fullName":"syncService WebSocket Connection should establish WebSocket connection with auth token","status":"passed","title":"should establish WebSocket connection with auth token","duration":0.37789999999995416,"failureMessages":[],"meta":{}},{"ancestorTitles":["syncService","WebSocket Connection"],"fullName":"syncService WebSocket Connection should handle connection open event","status":"passed","title":"should handle connection open event","duration":0.8872999999998683,"failureMessages":[],"meta":{}},{"ancestorTitles":["syncService","WebSocket Connection"],"fullName":"syncService WebSocket Connection should handle incoming sync events","status":"passed","title":"should handle incoming sync events","duration":2.463799999999992,"failureMessages":[],"meta":{}},{"ancestorTitles":["syncService","WebSocket Connection"],"fullName":"syncService WebSocket Connection should handle connection close and attempt reconnect","status":"passed","title":"should handle connection close and attempt reconnect","duration":0.4871000000002823,"failureMessages":[],"meta":{}},{"ancestorTitles":["syncService","Offline Support"],"fullName":"syncService Offline Support should queue events when offline","status":"passed","title":"should queue events when offline","duration":1.1794999999997344,"failureMessages":[],"meta":{}},{"ancestorTitles":["syncService","Offline Support"],"fullName":"syncService Offline Support should process pending events when coming online","status":"passed","title":"should process pending events when coming online","duration":0.5136999999999716,"failureMessages":[],"meta":{}},{"ancestorTitles":["syncService","Device Management API"],"fullName":"syncService Device Management API should fetch devices list","status":"passed","title":"should fetch devices list","duration":0.8514000000000124,"failureMessages":[],"meta":{}},{"ancestorTitles":["syncService","Device Management API"],"fullName":"syncService Device Management API should revoke device access","status":"passed","title":"should revoke device access","duration":0.5446999999999207,"failureMessages":[],"meta":{}},{"ancestorTitles":["syncService","Device Management API"],"fullName":"syncService Device Management API should handle unauthorized error","status":"passed","title":"should handle unauthorized error","duration":0.55370000000039,"failureMessages":[],"meta":{}},{"ancestorTitles":["syncService","Token Handling"],"fullName":"syncService Token Handling should use finpulse_id_token for API calls","status":"passed","title":"should use finpulse_id_token for API calls","duration":0.34260000000040236,"failureMessages":[],"meta":{}},{"ancestorTitles":["syncService","Token Handling"],"fullName":"syncService Token Handling should handle missing token gracefully","status":"passed","title":"should handle missing token gracefully","duration":0.528400000000147,"failureMessages":[],"meta":{}},{"ancestorTitles":["syncService","Sync Event Types"],"fullName":"syncService Sync Event Types should handle holding_add event","status":"passed","title":"should handle holding_add event","duration":0.8793000000000575,"failureMessages":[],"meta":{}},{"ancestorTitles":["syncService","Sync Event Types"],"fullName":"syncService Sync Event Types should handle holding_update event","status":"passed","title":"should handle holding_update event","duration":0.5718000000001666,"failureMessages":[],"meta":{}},{"ancestorTitles":["syncService","Sync Event Types"],"fullName":"syncService Sync Event Types should handle holding_remove event","status":"passed","title":"should handle holding_remove event","duration":0.5632999999997992,"failureMessages":[],"meta":{}},{"ancestorTitles":["syncService","Sync Event Types"],"fullName":"syncService Sync Event Types should handle settings_update event","status":"passed","title":"should handle settings_update event","duration":0.44679999999971187,"failureMessages":[],"meta":{}},{"ancestorTitles":["syncService","Sync Event Types"],"fullName":"syncService Sync Event Types should handle watchlist_update event","status":"passed","title":"should handle watchlist_update event","duration":0.5390000000002146,"failureMessages":[],"meta":{}}],"startTime":1768759645837,"endTime":1768759645852.539,"status":"passed","message":"","name":"C:/Users/olegh/Documents/Projects/finpulse/finpulse-app/src/services/syncService.test.ts"},{"assertionResults":[{"ancestorTitles":["watchlistService","Watchlist CRUD"],"fullName":"watchlistService Watchlist CRUD should add item to watchlist","status":"passed","title":"should add item to watchlist","duration":2.8526999999999134,"failureMessages":[],"meta":{}},{"ancestorTitles":["watchlistService","Watchlist CRUD"],"fullName":"watchlistService Watchlist CRUD should remove item from watchlist","status":"passed","title":"should remove item from watchlist","duration":0.5018999999997504,"failureMessages":[],"meta":{}},{"ancestorTitles":["watchlistService","Watchlist CRUD"],"fullName":"watchlistService Watchlist CRUD should get all watchlist items","status":"passed","title":"should get all watchlist items","duration":0.2966999999998734,"failureMessages":[],"meta":{}},{"ancestorTitles":["watchlistService","Watchlist CRUD"],"fullName":"watchlistService Watchlist CRUD should check if symbol exists in watchlist","status":"passed","title":"should check if symbol exists in watchlist","duration":0.316899999999805,"failureMessages":[],"meta":{}},{"ancestorTitles":["watchlistService","Watchlist CRUD"],"fullName":"watchlistService Watchlist CRUD should prevent duplicate entries","status":"passed","title":"should prevent duplicate entries","duration":0.30709999999999127,"failureMessages":[],"meta":{}},{"ancestorTitles":["watchlistService","Price Alerts"],"fullName":"watchlistService Price Alerts should create price alert","status":"passed","title":"should create price alert","duration":0.5226999999999862,"failureMessages":[],"meta":{}},{"ancestorTitles":["watchlistService","Price Alerts"],"fullName":"watchlistService Price Alerts should trigger alert when price threshold crossed (above)","status":"passed","title":"should trigger alert when price threshold crossed (above)","duration":0.34400000000005093,"failureMessages":[],"meta":{}},{"ancestorTitles":["watchlistService","Price Alerts"],"fullName":"watchlistService Price Alerts should trigger alert when price threshold crossed (below)","status":"passed","title":"should trigger alert when price threshold crossed (below)","duration":0.27700000000004366,"failureMessages":[],"meta":{}},{"ancestorTitles":["watchlistService","Price Alerts"],"fullName":"watchlistService Price Alerts should not trigger alert when threshold not crossed","status":"passed","title":"should not trigger alert when threshold not crossed","duration":0.2780999999999949,"failureMessages":[],"meta":{}},{"ancestorTitles":["watchlistService","Price Alerts"],"fullName":"watchlistService Price Alerts should mark alert as triggered","status":"passed","title":"should mark alert as triggered","duration":0.4749000000001615,"failureMessages":[],"meta":{}},{"ancestorTitles":["watchlistService","Price Alerts"],"fullName":"watchlistService Price Alerts should delete price alert","status":"passed","title":"should delete price alert","duration":0.359599999999773,"failureMessages":[],"meta":{}},{"ancestorTitles":["watchlistService","Price Alerts"],"fullName":"watchlistService Price Alerts should get all alerts for a symbol","status":"passed","title":"should get all alerts for a symbol","duration":0.28199999999969805,"failureMessages":[],"meta":{}},{"ancestorTitles":["watchlistService","LocalStorage Persistence"],"fullName":"watchlistService LocalStorage Persistence should persist watchlist across sessions","status":"passed","title":"should persist watchlist across sessions","duration":0.3198000000002139,"failureMessages":[],"meta":{}},{"ancestorTitles":["watchlistService","LocalStorage Persistence"],"fullName":"watchlistService LocalStorage Persistence should handle empty watchlist","status":"passed","title":"should handle empty watchlist","duration":0.29120000000011714,"failureMessages":[],"meta":{}},{"ancestorTitles":["watchlistService","LocalStorage Persistence"],"fullName":"watchlistService LocalStorage Persistence should handle corrupted data gracefully","status":"passed","title":"should handle corrupted data gracefully","duration":1.0734999999999673,"failureMessages":[],"meta":{}},{"ancestorTitles":["watchlistService","Asset Types"],"fullName":"watchlistService Asset Types should categorize BTC as crypto","status":"passed","title":"should categorize BTC as crypto","duration":0.22919999999976426,"failureMessages":[],"meta":{}},{"ancestorTitles":["watchlistService","Asset Types"],"fullName":"watchlistService Asset Types should categorize ETH as crypto","status":"passed","title":"should categorize ETH as crypto","duration":0.15180000000009386,"failureMessages":[],"meta":{}},{"ancestorTitles":["watchlistService","Asset Types"],"fullName":"watchlistService Asset Types should categorize AAPL as stock","status":"passed","title":"should categorize AAPL as stock","duration":0.12590000000000146,"failureMessages":[],"meta":{}},{"ancestorTitles":["watchlistService","Asset Types"],"fullName":"watchlistService Asset Types should categorize MSFT as stock","status":"passed","title":"should categorize MSFT as stock","duration":0.1113999999997759,"failureMessages":[],"meta":{}},{"ancestorTitles":["watchlistService","Watchlist Limits"],"fullName":"watchlistService Watchlist Limits should enforce maximum watchlist size for free tier","status":"passed","title":"should enforce maximum watchlist size for free tier","duration":0.280699999999797,"failureMessages":[],"meta":{}},{"ancestorTitles":["watchlistService","Watchlist Limits"],"fullName":"watchlistService Watchlist Limits should allow more items for premium users","status":"passed","title":"should allow more items for premium users","duration":0.2242999999998574,"failureMessages":[],"meta":{}},{"ancestorTitles":["watchlistService","Alert Notifications"],"fullName":"watchlistService Alert Notifications should check for triggered alerts","status":"passed","title":"should check for triggered alerts","duration":0.46039999999993597,"failureMessages":[],"meta":{}},{"ancestorTitles":["watchlistService","Alert Notifications"],"fullName":"watchlistService Alert Notifications should format alert notification message","status":"passed","title":"should format alert notification message","duration":28.32930000000033,"failureMessages":[],"meta":{}}],"startTime":1768759645915,"endTime":1768759645954.3293,"status":"passed","message":"","name":"C:/Users/olegh/Documents/Projects/finpulse/finpulse-app/src/services/watchlistService.test.ts"},{"assertionResults":[{"ancestorTitles":["portfolioStore","addHolding"],"fullName":"portfolioStore addHolding should add a new holding to the portfolio","status":"passed","title":"should add a new holding to the portfolio","duration":14.58580000000029,"failureMessages":[],"meta":{}},{"ancestorTitles":["portfolioStore","addHolding"],"fullName":"portfolioStore addHolding should add multiple different holdings","status":"passed","title":"should add multiple different holdings","duration":1.9288000000001375,"failureMessages":[],"meta":{}},{"ancestorTitles":["portfolioStore","removeHolding"],"fullName":"portfolioStore removeHolding should remove a holding by symbol","status":"passed","title":"should remove a holding by symbol","duration":2.0581999999999425,"failureMessages":[],"meta":{}},{"ancestorTitles":["portfolioStore","updateHolding"],"fullName":"portfolioStore updateHolding should update an existing holding","status":"passed","title":"should update an existing holding","duration":2.235700000000179,"failureMessages":[],"meta":{}},{"ancestorTitles":["portfolioStore","privacy toggle"],"fullName":"portfolioStore privacy toggle should toggle privacy mode","status":"passed","title":"should toggle privacy mode","duration":0.5884999999998399,"failureMessages":[],"meta":{}},{"ancestorTitles":["portfolioStore","search and filter"],"fullName":"portfolioStore search and filter should update search term","status":"passed","title":"should update search term","duration":0.6644000000001142,"failureMessages":[],"meta":{}},{"ancestorTitles":["portfolioStore","search and filter"],"fullName":"portfolioStore search and filter should update filter type","status":"passed","title":"should update filter type","duration":0.8198000000002139,"failureMessages":[],"meta":{}}],"startTime":1768759646331,"endTime":1768759646354.8198,"status":"passed","message":"","name":"C:/Users/olegh/Documents/Projects/finpulse/finpulse-app/src/store/portfolioStore.test.ts"}]}