{"numTotalTestSuites":15,"numPassedTestSuites":15,"numFailedTestSuites":0,"numPendingTestSuites":0,"numTotalTests":16,"numPassedTests":16,"numFailedTests":0,"numPendingTests":0,"numTodoTests":0,"snapshot":{"added":0,"failure":false,"filesAdded":0,"filesRemoved":0,"filesRemovedList":[],"filesUnmatched":0,"filesUpdated":0,"matched":0,"total":0,"unchecked":0,"uncheckedKeysByFile":[],"unmatched":0,"updated":0,"didUpdate":false},"startTime":1767566935348,"success":true,"testResults":[{"assertionResults":[{"ancestorTitles":["PortfolioView - Free Tier Insights"],"fullName":"PortfolioView - Free Tier Insights should render portfolio insights when holdings exist","status":"passed","title":"should render portfolio insights when holdings exist","duration":147.63232500000004,"failureMessages":[],"meta":{}},{"ancestorTitles":["PortfolioView - Free Tier Insights"],"fullName":"PortfolioView - Free Tier Insights should not show insights when portfolio is empty","status":"passed","title":"should not show insights when portfolio is empty","duration":23.712316999999985,"failureMessages":[],"meta":{}}],"startTime":1767566937495,"endTime":1767566937666.7124,"status":"passed","message":"","name":"/home/runner/work/FinPulse/FinPulse/src/components/PortfolioView.test.tsx"},{"assertionResults":[{"ancestorTitles":["useMarketData"],"fullName":"useMarketData should fetch market data successfully","status":"passed","title":"should fetch market data successfully","duration":1.5585910000000922,"failureMessages":[],"meta":{}},{"ancestorTitles":["useMarketData"],"fullName":"useMarketData should handle API errors gracefully","status":"passed","title":"should handle API errors gracefully","duration":0.37178499999993164,"failureMessages":[],"meta":{}},{"ancestorTitles":["useMarketData"],"fullName":"useMarketData should return cached data when available","status":"passed","title":"should return cached data when available","duration":0.41994499999998425,"failureMessages":[],"meta":{}}],"startTime":1767566938428,"endTime":1767566938430.42,"status":"passed","message":"","name":"/home/runner/work/FinPulse/FinPulse/src/hooks/useMarketData.test.ts"},{"assertionResults":[{"ancestorTitles":["geminiService","getMarketInsight"],"fullName":"geminiService getMarketInsight should return AI insight for valid query","status":"passed","title":"should return AI insight for valid query","duration":1.2559360000000197,"failureMessages":[],"meta":{}},{"ancestorTitles":["geminiService","getMarketInsight"],"fullName":"geminiService getMarketInsight should handle rate limiting","status":"passed","title":"should handle rate limiting","duration":0.350524000000064,"failureMessages":[],"meta":{}},{"ancestorTitles":["geminiService","getMarketInsight"],"fullName":"geminiService getMarketInsight should return fallback when API key is missing","status":"passed","title":"should return fallback when API key is missing","duration":0.2380950000000439,"failureMessages":[],"meta":{}},{"ancestorTitles":["geminiService","analyzePortfolio"],"fullName":"geminiService analyzePortfolio should provide portfolio analysis","status":"passed","title":"should provide portfolio analysis","duration":0.26860199999998713,"failureMessages":[],"meta":{}}],"startTime":1767566939178,"endTime":1767566939180.2686,"status":"passed","message":"","name":"/home/runner/work/FinPulse/FinPulse/src/services/geminiService.test.ts"},{"assertionResults":[{"ancestorTitles":["portfolioStore","addHolding"],"fullName":"portfolioStore addHolding should add a new holding to the portfolio","status":"passed","title":"should add a new holding to the portfolio","duration":2.078461999999945,"failureMessages":[],"meta":{}},{"ancestorTitles":["portfolioStore","addHolding"],"fullName":"portfolioStore addHolding should add multiple different holdings","status":"passed","title":"should add multiple different holdings","duration":0.5182180000000471,"failureMessages":[],"meta":{}},{"ancestorTitles":["portfolioStore","removeHolding"],"fullName":"portfolioStore removeHolding should remove a holding by symbol","status":"passed","title":"should remove a holding by symbol","duration":0.5049129999999877,"failureMessages":[],"meta":{}},{"ancestorTitles":["portfolioStore","updateHolding"],"fullName":"portfolioStore updateHolding should update an existing holding","status":"passed","title":"should update an existing holding","duration":0.5929479999999785,"failureMessages":[],"meta":{}},{"ancestorTitles":["portfolioStore","privacy toggle"],"fullName":"portfolioStore privacy toggle should toggle privacy mode","status":"passed","title":"should toggle privacy mode","duration":0.27720799999997325,"failureMessages":[],"meta":{}},{"ancestorTitles":["portfolioStore","search and filter"],"fullName":"portfolioStore search and filter should update search term","status":"passed","title":"should update search term","duration":0.3176229999999123,"failureMessages":[],"meta":{}},{"ancestorTitles":["portfolioStore","search and filter"],"fullName":"portfolioStore search and filter should update filter type","status":"passed","title":"should update filter type","duration":0.24492799999995896,"failureMessages":[],"meta":{}}],"startTime":1767566936197,"endTime":1767566936202.3176,"status":"passed","message":"","name":"/home/runner/work/FinPulse/FinPulse/src/store/portfolioStore.test.ts"}]}