{"numTotalTestSuites":13,"numPassedTestSuites":13,"numFailedTestSuites":0,"numPendingTestSuites":0,"numTotalTests":14,"numPassedTests":14,"numFailedTests":0,"numPendingTests":0,"numTodoTests":0,"snapshot":{"added":0,"failure":false,"filesAdded":0,"filesRemoved":0,"filesRemovedList":[],"filesUnmatched":0,"filesUpdated":0,"matched":0,"total":0,"unchecked":0,"uncheckedKeysByFile":[],"unmatched":0,"updated":0,"didUpdate":false},"startTime":1767552830096,"success":true,"testResults":[{"assertionResults":[{"ancestorTitles":["useMarketData"],"fullName":"useMarketData should fetch market data successfully","status":"passed","title":"should fetch market data successfully","duration":0.7446999999999662,"failureMessages":[],"meta":{}},{"ancestorTitles":["useMarketData"],"fullName":"useMarketData should handle API errors gracefully","status":"passed","title":"should handle API errors gracefully","duration":0.21689999999989595,"failureMessages":[],"meta":{}},{"ancestorTitles":["useMarketData"],"fullName":"useMarketData should return cached data when available","status":"passed","title":"should return cached data when available","duration":0.1552999999998974,"failureMessages":[],"meta":{}}],"startTime":1767552831495,"endTime":1767552831496.1553,"status":"passed","message":"","name":"C:/Users/olegh/Desktop/FinPulse-client/FinPulse/src/hooks/useMarketData.test.ts"},{"assertionResults":[{"ancestorTitles":["geminiService","getMarketInsight"],"fullName":"geminiService getMarketInsight should return AI insight for valid query","status":"passed","title":"should return AI insight for valid query","duration":0.6820999999999913,"failureMessages":[],"meta":{}},{"ancestorTitles":["geminiService","getMarketInsight"],"fullName":"geminiService getMarketInsight should handle rate limiting","status":"passed","title":"should handle rate limiting","duration":0.2440999999998894,"failureMessages":[],"meta":{}},{"ancestorTitles":["geminiService","getMarketInsight"],"fullName":"geminiService getMarketInsight should return fallback when API key is missing","status":"passed","title":"should return fallback when API key is missing","duration":0.12420000000020082,"failureMessages":[],"meta":{}},{"ancestorTitles":["geminiService","analyzePortfolio"],"fullName":"geminiService analyzePortfolio should provide portfolio analysis","status":"passed","title":"should provide portfolio analysis","duration":0.11670000000003711,"failureMessages":[],"meta":{}}],"startTime":1767552831492,"endTime":1767552831494.1167,"status":"passed","message":"","name":"C:/Users/olegh/Desktop/FinPulse-client/FinPulse/src/services/geminiService.test.ts"},{"assertionResults":[{"ancestorTitles":["portfolioStore","addHolding"],"fullName":"portfolioStore addHolding should add a new holding to the portfolio","status":"passed","title":"should add a new holding to the portfolio","duration":1.3613000000000284,"failureMessages":[],"meta":{}},{"ancestorTitles":["portfolioStore","addHolding"],"fullName":"portfolioStore addHolding should add multiple different holdings","status":"passed","title":"should add multiple different holdings","duration":0.25469999999995707,"failureMessages":[],"meta":{}},{"ancestorTitles":["portfolioStore","removeHolding"],"fullName":"portfolioStore removeHolding should remove a holding by symbol","status":"passed","title":"should remove a holding by symbol","duration":0.23969999999985703,"failureMessages":[],"meta":{}},{"ancestorTitles":["portfolioStore","updateHolding"],"fullName":"portfolioStore updateHolding should update an existing holding","status":"passed","title":"should update an existing holding","duration":0.32960000000002765,"failureMessages":[],"meta":{}},{"ancestorTitles":["portfolioStore","privacy toggle"],"fullName":"portfolioStore privacy toggle should toggle privacy mode","status":"passed","title":"should toggle privacy mode","duration":0.20039999999994507,"failureMessages":[],"meta":{}},{"ancestorTitles":["portfolioStore","search and filter"],"fullName":"portfolioStore search and filter should update search term","status":"passed","title":"should update search term","duration":0.20499999999992724,"failureMessages":[],"meta":{}},{"ancestorTitles":["portfolioStore","search and filter"],"fullName":"portfolioStore search and filter should update filter type","status":"passed","title":"should update filter type","duration":0.12180000000012114,"failureMessages":[],"meta":{}}],"startTime":1767552831523,"endTime":1767552831526.205,"status":"passed","message":"","name":"C:/Users/olegh/Desktop/FinPulse-client/FinPulse/src/store/portfolioStore.test.ts"}]}